mode: set
openapi/internal/domain/stock/location/aggregate.go:9.48,15.2 1 1
openapi/internal/domain/stock/location/aggregate.go:17.66,23.2 1 1
openapi/internal/domain/stock/location/aggregate.go:25.37,27.2 1 1
openapi/internal/domain/stock/location/aggregate.go:29.30,31.2 1 1
openapi/internal/domain/stock/location/entity.go:13.37,14.19 1 1
openapi/internal/domain/stock/location/entity.go:14.19,16.3 1 1
openapi/internal/domain/stock/location/entity.go:17.2,17.19 1 1
openapi/internal/domain/stock/location/entity.go:20.30,22.2 1 1
openapi/internal/domain/stock/location/entity.go:24.29,26.2 1 1
openapi/internal/domain/stock/location/value.go:9.38,10.13 1 1
openapi/internal/domain/stock/location/value.go:10.13,12.3 1 1
openapi/internal/domain/stock/location/value.go:13.2,13.21 1 1
openapi/internal/domain/stock/location/value.go:16.31,18.2 1 1
openapi/cmd/main/main.go:21.58,22.48 1 0
openapi/cmd/main/main.go:22.48,25.4 1 0
openapi/cmd/main/main.go:26.3,26.13 1 0
openapi/cmd/main/main.go:29.13,41.2 7 0
openapi/internal/infra/repository/sqlboiler/stock/location/repository.go:19.53,20.15 1 1
openapi/internal/infra/repository/sqlboiler/stock/location/repository.go:20.15,22.3 1 1
openapi/internal/infra/repository/sqlboiler/stock/location/repository.go:23.2,25.8 1 1
openapi/internal/infra/repository/sqlboiler/stock/location/repository.go:28.56,43.16 3 1
openapi/internal/infra/repository/sqlboiler/stock/location/repository.go:43.16,45.3 1 1
openapi/internal/infra/repository/sqlboiler/stock/location/repository.go:47.2,47.12 1 1
openapi/internal/infra/repository/sqlboiler/stock/location/repository.go:50.71,52.16 2 1
openapi/internal/infra/repository/sqlboiler/stock/location/repository.go:52.16,54.3 1 1
openapi/internal/infra/repository/sqlboiler/stock/location/repository.go:56.2,56.18 1 1
openapi/internal/infra/repository/sqlboiler/stock/location/repository.go:56.18,58.3 1 1
openapi/internal/infra/repository/sqlboiler/stock/location/repository.go:60.2,61.16 2 1
openapi/internal/infra/repository/sqlboiler/stock/location/repository.go:61.16,63.3 1 1
openapi/internal/infra/repository/sqlboiler/stock/location/repository.go:65.2,67.15 2 1
openapi/internal/infra/repository/sqlboiler/stock/location/repository.go:71.57,73.40 2 1
openapi/internal/infra/repository/sqlboiler/stock/location/repository.go:73.40,75.3 1 1
openapi/internal/infra/repository/sqlboiler/stock/location/repository.go:77.2,77.26 1 1
openapi/internal/infra/repository/sqlboiler/stock/location/repository.go:77.26,79.3 1 1
openapi/internal/infra/repository/sqlboiler/stock/location/repository.go:81.2,81.18 1 1
openapi/internal/infra/repository/sqlboiler/stock/location/repository.go:81.18,83.3 1 1
openapi/internal/infra/repository/sqlboiler/stock/location/repository.go:85.2,85.18 1 1
openapi/internal/app/stock/location/create.go:17.97,19.16 2 1
openapi/internal/app/stock/location/create.go:19.16,21.3 1 0
openapi/internal/app/stock/location/create.go:23.2,25.34 2 1
openapi/internal/app/stock/location/create.go:25.34,27.3 1 0
openapi/internal/app/stock/location/create.go:29.2,30.17 2 1
openapi/internal/app/stock/location/create.go:33.59,35.16 2 1
openapi/internal/app/stock/location/create.go:35.16,37.3 1 0
openapi/internal/app/stock/location/create.go:39.2,41.8 1 1
openapi/internal/app/stock/location/create.go:44.75,48.2 1 1
openapi/internal/app/stock/location/delete.go:13.60,15.16 2 1
openapi/internal/app/stock/location/delete.go:15.16,17.3 1 0
openapi/internal/app/stock/location/delete.go:19.2,21.8 1 1
openapi/internal/app/stock/location/delete.go:24.62,26.16 2 1
openapi/internal/app/stock/location/delete.go:26.16,28.3 1 1
openapi/internal/app/stock/location/delete.go:30.2,33.16 3 1
openapi/internal/app/stock/location/delete.go:33.16,35.3 1 0
openapi/internal/app/stock/location/delete.go:37.2,37.12 1 1
openapi/internal/app/stock/location/update.go:14.62,17.16 3 1
openapi/internal/app/stock/location/update.go:17.16,19.3 1 0
openapi/internal/app/stock/location/update.go:21.2,24.16 3 1
openapi/internal/app/stock/location/update.go:24.16,26.3 1 0
openapi/internal/app/stock/location/update.go:28.2,28.12 1 1
openapi/internal/app/stock/location/update.go:31.73,34.16 2 1
openapi/internal/app/stock/location/update.go:34.16,36.3 1 0
openapi/internal/app/stock/location/update.go:38.2,39.16 2 1
openapi/internal/app/stock/location/update.go:39.16,41.3 1 0
openapi/internal/app/stock/location/update.go:44.2,47.8 1 1
openapi/internal/ui/hello/get.go:13.39,18.2 1 0
openapi/internal/ui/hello/hello.go:11.40,13.2 1 0
openapi/internal/ui/hello/hello.go:15.69,17.2 1 0
openapi/internal/ui/hello/hello.go:19.48,21.2 1 0
openapi/internal/ui/stock/locations/delete.go:16.86,19.16 2 0
openapi/internal/ui/stock/locations/delete.go:19.16,21.3 1 0
openapi/internal/ui/stock/locations/delete.go:22.2,25.16 3 0
openapi/internal/ui/stock/locations/delete.go:25.16,27.3 1 0
openapi/internal/ui/stock/locations/delete.go:30.2,31.16 2 0
openapi/internal/ui/stock/locations/delete.go:31.16,33.3 1 0
openapi/internal/ui/stock/locations/delete.go:35.2,36.16 2 0
openapi/internal/ui/stock/locations/delete.go:36.16,38.3 1 0
openapi/internal/ui/stock/locations/delete.go:39.2,39.12 1 0
openapi/internal/ui/stock/locations/delete.go:39.12,41.3 1 0
openapi/internal/ui/stock/locations/delete.go:44.2,44.49 1 0
openapi/internal/ui/stock/locations/delete.go:44.49,46.3 1 0
openapi/internal/ui/stock/locations/delete.go:49.2,49.37 1 0
openapi/internal/ui/stock/locations/post.go:16.48,19.16 2 0
openapi/internal/ui/stock/locations/post.go:19.16,21.3 1 0
openapi/internal/ui/stock/locations/post.go:22.2,25.16 3 0
openapi/internal/ui/stock/locations/post.go:25.16,27.3 1 0
openapi/internal/ui/stock/locations/post.go:30.2,31.39 2 0
openapi/internal/ui/stock/locations/post.go:31.39,33.3 1 0
openapi/internal/ui/stock/locations/post.go:36.2,36.42 1 0
openapi/internal/ui/stock/locations/post.go:36.42,38.3 1 0
openapi/internal/ui/stock/locations/post.go:40.2,41.16 2 0
openapi/internal/ui/stock/locations/post.go:41.16,43.3 1 0
openapi/internal/ui/stock/locations/post.go:46.2,48.16 3 0
openapi/internal/ui/stock/locations/post.go:48.16,50.3 1 0
openapi/internal/ui/stock/locations/post.go:52.2,55.42 2 0
openapi/internal/ui/stock/locations/post.go:55.42,57.3 1 0
openapi/internal/ui/stock/locations/post.go:59.2,59.42 1 0
openapi/internal/ui/stock/locations/put.go:17.83,20.16 2 0
openapi/internal/ui/stock/locations/put.go:20.16,22.3 1 0
openapi/internal/ui/stock/locations/put.go:23.2,26.16 3 0
openapi/internal/ui/stock/locations/put.go:26.16,28.3 1 0
openapi/internal/ui/stock/locations/put.go:31.2,32.39 2 0
openapi/internal/ui/stock/locations/put.go:32.39,34.3 1 0
openapi/internal/ui/stock/locations/put.go:37.2,37.42 1 0
openapi/internal/ui/stock/locations/put.go:37.42,39.3 1 0
openapi/internal/ui/stock/locations/put.go:41.2,42.16 2 0
openapi/internal/ui/stock/locations/put.go:42.16,44.3 1 0
openapi/internal/ui/stock/locations/put.go:46.2,47.16 2 0
openapi/internal/ui/stock/locations/put.go:47.16,49.3 1 0
openapi/internal/ui/stock/locations/put.go:50.2,50.12 1 0
openapi/internal/ui/stock/locations/put.go:50.12,52.3 1 0
openapi/internal/ui/stock/locations/put.go:55.2,56.16 2 0
openapi/internal/ui/stock/locations/put.go:56.16,58.3 1 0
openapi/internal/ui/stock/locations/put.go:61.2,61.37 1 0
